2018-05-31 14:16:17,073 INFO     [91943] (deoplete.logging) --- Deoplete Log Start ---
2018-05-31 14:16:17,074 INFO     [91943] (deoplete.logging) NVIM v0.2.2, Python 3.6.4, neovim client 0.2.4
2018-05-31 14:16:17,110 DEBUG    [91943] (deoplete.core) on_event: Init
2018-05-31 14:16:17,111 DEBUG    [91943] (deoplete.core) Process 0: /Users/mertnuhoglu/.vim/bundle/deoplete.nvim/rplugin/python3/deoplete/source/base.py
2018-05-31 14:16:17,112 DEBUG    [91943] (deoplete.core) Process 1: /Users/mertnuhoglu/.vim/bundle/deoplete.nvim/rplugin/python3/deoplete/source/around.py
2018-05-31 14:16:17,112 DEBUG    [91943] (deoplete.core) Process 2: /Users/mertnuhoglu/.vim/bundle/deoplete.nvim/rplugin/python3/deoplete/source/buffer.py
2018-05-31 14:16:17,112 DEBUG    [91943] (deoplete.core) Process 3: /Users/mertnuhoglu/.vim/bundle/deoplete.nvim/rplugin/python3/deoplete/source/dictionary.py
2018-05-31 14:16:17,112 DEBUG    [91943] (deoplete.core) Process 0: /Users/mertnuhoglu/.vim/bundle/deoplete.nvim/rplugin/python3/deoplete/source/file.py
2018-05-31 14:16:17,113 DEBUG    [91943] (deoplete.core) Process 1: /Users/mertnuhoglu/.vim/bundle/deoplete.nvim/rplugin/python3/deoplete/source/member.py
2018-05-31 14:16:17,113 DEBUG    [91943] (deoplete.core) Process 2: /Users/mertnuhoglu/.vim/bundle/deoplete.nvim/rplugin/python3/deoplete/source/omni.py
2018-05-31 14:16:17,113 DEBUG    [91943] (deoplete.core) Process 3: /Users/mertnuhoglu/.vim/bundle/deoplete.nvim/rplugin/python3/deoplete/source/tag.py
2018-05-31 14:16:17,114 DEBUG    [91943] (deoplete.core) Process 0: /Users/mertnuhoglu/.vim/bundle/nvim-typescript/rplugin/python3/deoplete/sources/typescript.py
2018-05-31 14:16:17,653 INFO     [91945] (deoplete.logging) --- Deoplete Log Start ---
2018-05-31 14:16:17,654 INFO     [91945] (deoplete.logging) NVIM v0.2.2, Python 3.6.4, neovim client 0.2.4
2018-05-31 14:16:17,655 DEBUG    [91945] (deoplete.child) main_loop: end
2018-05-31 14:16:17,655 DEBUG    [91945] (deoplete.child) main_loop: add_source begin
2018-05-31 14:16:17,656 DEBUG    [91945] (deoplete.child) Loaded Source: around (/Users/mertnuhoglu/.vim/bundle/deoplete.nvim/rplugin/python3/deoplete/source/around.py)
2018-05-31 14:16:17,657 DEBUG    [91945] (deoplete.child) main_loop: end
2018-05-31 14:16:17,657 DEBUG    [91945] (deoplete.child) main_loop: add_source begin
2018-05-31 14:16:17,658 DEBUG    [91945] (deoplete.child) Loaded Source: member (/Users/mertnuhoglu/.vim/bundle/deoplete.nvim/rplugin/python3/deoplete/source/member.py)
2018-05-31 14:16:17,658 DEBUG    [91945] (deoplete.child) main_loop: end
2018-05-31 14:16:17,658 DEBUG    [91945] (deoplete.child) main_loop: set_source_attributes begin
2018-05-31 14:16:17,658 DEBUG    [91945] (deoplete.child) main_loop: end
2018-05-31 14:16:17,658 DEBUG    [91945] (deoplete.child) main_loop: set_custom begin
2018-05-31 14:16:17,658 DEBUG    [91945] (deoplete.child) main_loop: end
2018-05-31 14:16:17,658 DEBUG    [91945] (deoplete.child) main_loop: add_filter begin
2018-05-31 14:16:17,659 DEBUG    [91945] (deoplete.child) main_loop: end
2018-05-31 14:16:17,659 DEBUG    [91945] (deoplete.child) main_loop: add_filter begin
2018-05-31 14:16:17,660 DEBUG    [91945] (deoplete.child) Loaded Filter: converter_auto_delimiter (/Users/mertnuhoglu/.vim/bundle/deoplete.nvim/rplugin/python3/deoplete/filter/converter_auto_delimiter.py)
2018-05-31 14:16:17,660 DEBUG    [91945] (deoplete.child) main_loop: end
2018-05-31 14:16:17,660 DEBUG    [91945] (deoplete.child) main_loop: add_filter begin
2018-05-31 14:16:17,660 DEBUG    [91945] (deoplete.child) Loaded Filter: converter_auto_paren (/Users/mertnuhoglu/.vim/bundle/deoplete.nvim/rplugin/python3/deoplete/filter/converter_auto_paren.py)
2018-05-31 14:16:17,661 DEBUG    [91945] (deoplete.child) main_loop: end
2018-05-31 14:16:17,661 DEBUG    [91945] (deoplete.child) main_loop: add_filter begin
2018-05-31 14:16:17,662 DEBUG    [91945] (deoplete.child) Loaded Filter: converter_remove_overlap (/Users/mertnuhoglu/.vim/bundle/deoplete.nvim/rplugin/python3/deoplete/filter/converter_remove_overlap.py)
2018-05-31 14:16:17,662 DEBUG    [91945] (deoplete.child) main_loop: end
2018-05-31 14:16:17,662 DEBUG    [91945] (deoplete.child) main_loop: add_filter begin
2018-05-31 14:16:17,663 DEBUG    [91945] (deoplete.child) Loaded Filter: converter_remove_paren (/Users/mertnuhoglu/.vim/bundle/deoplete.nvim/rplugin/python3/deoplete/filter/converter_remove_paren.py)
2018-05-31 14:16:17,663 DEBUG    [91945] (deoplete.child) main_loop: end
2018-05-31 14:16:17,663 DEBUG    [91945] (deoplete.child) main_loop: add_filter begin
2018-05-31 14:16:17,664 DEBUG    [91945] (deoplete.child) Loaded Filter: converter_truncate_abbr (/Users/mertnuhoglu/.vim/bundle/deoplete.nvim/rplugin/python3/deoplete/filter/converter_truncate_abbr.py)
2018-05-31 14:16:17,664 DEBUG    [91945] (deoplete.child) main_loop: end
2018-05-31 14:16:17,664 DEBUG    [91945] (deoplete.child) main_loop: add_filter begin
2018-05-31 14:16:17,665 DEBUG    [91945] (deoplete.child) Loaded Filter: converter_truncate_kind (/Users/mertnuhoglu/.vim/bundle/deoplete.nvim/rplugin/python3/deoplete/filter/converter_truncate_kind.py)
2018-05-31 14:16:17,665 DEBUG    [91945] (deoplete.child) main_loop: end
2018-05-31 14:16:17,665 DEBUG    [91945] (deoplete.child) main_loop: add_filter begin
2018-05-31 14:16:17,667 DEBUG    [91945] (deoplete.child) Loaded Filter: converter_truncate_menu (/Users/mertnuhoglu/.vim/bundle/deoplete.nvim/rplugin/python3/deoplete/filter/converter_truncate_menu.py)
2018-05-31 14:16:17,667 DEBUG    [91945] (deoplete.child) main_loop: end
2018-05-31 14:16:17,668 DEBUG    [91945] (deoplete.child) main_loop: add_filter begin
2018-05-31 14:16:17,668 DEBUG    [91945] (deoplete.child) Loaded Filter: matcher_cpsm (/Users/mertnuhoglu/.vim/bundle/deoplete.nvim/rplugin/python3/deoplete/filter/matcher_cpsm.py)
2018-05-31 14:16:17,668 DEBUG    [91945] (deoplete.child) main_loop: end
2018-05-31 14:16:17,669 DEBUG    [91945] (deoplete.child) main_loop: add_filter begin
2018-05-31 14:16:17,669 DEBUG    [91945] (deoplete.child) Loaded Filter: matcher_full_fuzzy (/Users/mertnuhoglu/.vim/bundle/deoplete.nvim/rplugin/python3/deoplete/filter/matcher_full_fuzzy.py)
2018-05-31 14:16:17,669 DEBUG    [91945] (deoplete.child) main_loop: end
2018-05-31 14:16:17,669 DEBUG    [91945] (deoplete.child) main_loop: add_filter begin
2018-05-31 14:16:17,672 INFO     [91944] (deoplete.logging) --- Deoplete Log Start ---
2018-05-31 14:16:17,673 DEBUG    [91945] (deoplete.child) Loaded Filter: matcher_fuzzy (/Users/mertnuhoglu/.vim/bundle/deoplete.nvim/rplugin/python3/deoplete/filter/matcher_fuzzy.py)
2018-05-31 14:16:17,673 DEBUG    [91945] (deoplete.child) main_loop: end
2018-05-31 14:16:17,673 DEBUG    [91945] (deoplete.child) main_loop: add_filter begin
2018-05-31 14:16:17,673 INFO     [91944] (deoplete.logging) NVIM v0.2.2, Python 3.6.4, neovim client 0.2.4
2018-05-31 14:16:17,674 DEBUG    [91945] (deoplete.child) Loaded Filter: matcher_head (/Users/mertnuhoglu/.vim/bundle/deoplete.nvim/rplugin/python3/deoplete/filter/matcher_head.py)
2018-05-31 14:16:17,674 DEBUG    [91944] (deoplete.child) main_loop: end
2018-05-31 14:16:17,674 DEBUG    [91945] (deoplete.child) main_loop: end
2018-05-31 14:16:17,674 DEBUG    [91945] (deoplete.child) main_loop: add_filter begin
2018-05-31 14:16:17,674 DEBUG    [91944] (deoplete.child) main_loop: add_source begin
2018-05-31 14:16:17,675 DEBUG    [91945] (deoplete.child) Loaded Filter: matcher_length (/Users/mertnuhoglu/.vim/bundle/deoplete.nvim/rplugin/python3/deoplete/filter/matcher_length.py)
2018-05-31 14:16:17,675 DEBUG    [91945] (deoplete.child) main_loop: end
2018-05-31 14:16:17,675 DEBUG    [91944] (deoplete.child) main_loop: end
2018-05-31 14:16:17,675 DEBUG    [91945] (deoplete.child) main_loop: add_filter begin
2018-05-31 14:16:17,675 DEBUG    [91944] (deoplete.child) main_loop: add_source begin
2018-05-31 14:16:17,676 DEBUG    [91945] (deoplete.child) Loaded Filter: sorter_rank (/Users/mertnuhoglu/.vim/bundle/deoplete.nvim/rplugin/python3/deoplete/filter/sorter_rank.py)
2018-05-31 14:16:17,676 DEBUG    [91945] (deoplete.child) main_loop: end
2018-05-31 14:16:17,676 DEBUG    [91945] (deoplete.child) main_loop: add_filter begin
2018-05-31 14:16:17,676 DEBUG    [91944] (deoplete.child) Loaded Source: file (/Users/mertnuhoglu/.vim/bundle/deoplete.nvim/rplugin/python3/deoplete/source/file.py)
2018-05-31 14:16:17,676 DEBUG    [91944] (deoplete.child) main_loop: end
2018-05-31 14:16:17,677 DEBUG    [91944] (deoplete.child) main_loop: add_source begin
2018-05-31 14:16:17,677 DEBUG    [91945] (deoplete.child) Loaded Filter: sorter_word (/Users/mertnuhoglu/.vim/bundle/deoplete.nvim/rplugin/python3/deoplete/filter/sorter_word.py)
2018-05-31 14:16:17,677 DEBUG    [91945] (deoplete.child) main_loop: end
2018-05-31 14:16:17,678 DEBUG    [91945] (deoplete.child) main_loop: on_event begin
2018-05-31 14:16:17,678 DEBUG    [91945] (deoplete.child) on_event: Source: around
2018-05-31 14:16:17,678 DEBUG    [91945] (deoplete.child) on_event: Source: member
2018-05-31 14:16:17,678 DEBUG    [91945] (deoplete.child) main_loop: end
2018-05-31 14:16:17,678 DEBUG    [91944] (deoplete.child) Loaded Source: typescript (/Users/mertnuhoglu/.vim/bundle/nvim-typescript/rplugin/python3/deoplete/sources/typescript.py)
2018-05-31 14:16:17,678 DEBUG    [91944] (deoplete.child) main_loop: end
2018-05-31 14:16:17,679 DEBUG    [91944] (deoplete.child) main_loop: set_source_attributes begin
2018-05-31 14:16:17,679 DEBUG    [91944] (deoplete.child) main_loop: end
2018-05-31 14:16:17,679 DEBUG    [91944] (deoplete.child) main_loop: set_custom begin
2018-05-31 14:16:17,679 DEBUG    [91944] (deoplete.child) main_loop: end
2018-05-31 14:16:17,679 DEBUG    [91944] (deoplete.child) main_loop: add_filter begin
2018-05-31 14:16:17,680 DEBUG    [91944] (deoplete.child) main_loop: end
2018-05-31 14:16:17,680 DEBUG    [91944] (deoplete.child) main_loop: add_filter begin
2018-05-31 14:16:17,680 DEBUG    [91944] (deoplete.child) Loaded Filter: converter_auto_delimiter (/Users/mertnuhoglu/.vim/bundle/deoplete.nvim/rplugin/python3/deoplete/filter/converter_auto_delimiter.py)
2018-05-31 14:16:17,681 DEBUG    [91944] (deoplete.child) main_loop: end
2018-05-31 14:16:17,681 DEBUG    [91944] (deoplete.child) main_loop: add_filter begin
2018-05-31 14:16:17,681 DEBUG    [91944] (deoplete.child) Loaded Filter: converter_auto_paren (/Users/mertnuhoglu/.vim/bundle/deoplete.nvim/rplugin/python3/deoplete/filter/converter_auto_paren.py)
2018-05-31 14:16:17,681 DEBUG    [91944] (deoplete.child) main_loop: end
2018-05-31 14:16:17,681 DEBUG    [91944] (deoplete.child) main_loop: add_filter begin
2018-05-31 14:16:17,682 DEBUG    [91944] (deoplete.child) Loaded Filter: converter_remove_overlap (/Users/mertnuhoglu/.vim/bundle/deoplete.nvim/rplugin/python3/deoplete/filter/converter_remove_overlap.py)
2018-05-31 14:16:17,682 DEBUG    [91944] (deoplete.child) main_loop: end
2018-05-31 14:16:17,682 DEBUG    [91944] (deoplete.child) main_loop: add_filter begin
2018-05-31 14:16:17,683 DEBUG    [91944] (deoplete.child) Loaded Filter: converter_remove_paren (/Users/mertnuhoglu/.vim/bundle/deoplete.nvim/rplugin/python3/deoplete/filter/converter_remove_paren.py)
2018-05-31 14:16:17,683 DEBUG    [91944] (deoplete.child) main_loop: end
2018-05-31 14:16:17,683 DEBUG    [91944] (deoplete.child) main_loop: add_filter begin
2018-05-31 14:16:17,683 DEBUG    [91944] (deoplete.child) Loaded Filter: converter_truncate_abbr (/Users/mertnuhoglu/.vim/bundle/deoplete.nvim/rplugin/python3/deoplete/filter/converter_truncate_abbr.py)
2018-05-31 14:16:17,683 DEBUG    [91944] (deoplete.child) main_loop: end
2018-05-31 14:16:17,683 DEBUG    [91944] (deoplete.child) main_loop: add_filter begin
2018-05-31 14:16:17,684 DEBUG    [91944] (deoplete.child) Loaded Filter: converter_truncate_kind (/Users/mertnuhoglu/.vim/bundle/deoplete.nvim/rplugin/python3/deoplete/filter/converter_truncate_kind.py)
2018-05-31 14:16:17,684 DEBUG    [91944] (deoplete.child) main_loop: end
2018-05-31 14:16:17,684 DEBUG    [91944] (deoplete.child) main_loop: add_filter begin
2018-05-31 14:16:17,684 DEBUG    [91944] (deoplete.child) Loaded Filter: converter_truncate_menu (/Users/mertnuhoglu/.vim/bundle/deoplete.nvim/rplugin/python3/deoplete/filter/converter_truncate_menu.py)
2018-05-31 14:16:17,685 DEBUG    [91944] (deoplete.child) main_loop: end
2018-05-31 14:16:17,685 DEBUG    [91944] (deoplete.child) main_loop: add_filter begin
2018-05-31 14:16:17,685 DEBUG    [91944] (deoplete.child) Loaded Filter: matcher_cpsm (/Users/mertnuhoglu/.vim/bundle/deoplete.nvim/rplugin/python3/deoplete/filter/matcher_cpsm.py)
2018-05-31 14:16:17,685 DEBUG    [91944] (deoplete.child) main_loop: end
2018-05-31 14:16:17,685 INFO     [91946] (deoplete.logging) --- Deoplete Log Start ---
2018-05-31 14:16:17,685 DEBUG    [91944] (deoplete.child) main_loop: add_filter begin
2018-05-31 14:16:17,686 DEBUG    [91944] (deoplete.child) Loaded Filter: matcher_full_fuzzy (/Users/mertnuhoglu/.vim/bundle/deoplete.nvim/rplugin/python3/deoplete/filter/matcher_full_fuzzy.py)
2018-05-31 14:16:17,686 DEBUG    [91944] (deoplete.child) main_loop: end
2018-05-31 14:16:17,686 INFO     [91946] (deoplete.logging) NVIM v0.2.2, Python 3.6.4, neovim client 0.2.4
2018-05-31 14:16:17,686 DEBUG    [91944] (deoplete.child) main_loop: add_filter begin
2018-05-31 14:16:17,687 DEBUG    [91944] (deoplete.child) Loaded Filter: matcher_fuzzy (/Users/mertnuhoglu/.vim/bundle/deoplete.nvim/rplugin/python3/deoplete/filter/matcher_fuzzy.py)
2018-05-31 14:16:17,687 DEBUG    [91944] (deoplete.child) main_loop: end
2018-05-31 14:16:17,687 DEBUG    [91946] (deoplete.child) main_loop: end
2018-05-31 14:16:17,687 DEBUG    [91944] (deoplete.child) main_loop: add_filter begin
2018-05-31 14:16:17,687 DEBUG    [91946] (deoplete.child) main_loop: add_source begin
2018-05-31 14:16:17,687 DEBUG    [91944] (deoplete.child) Loaded Filter: matcher_head (/Users/mertnuhoglu/.vim/bundle/deoplete.nvim/rplugin/python3/deoplete/filter/matcher_head.py)
2018-05-31 14:16:17,688 DEBUG    [91944] (deoplete.child) main_loop: end
2018-05-31 14:16:17,688 DEBUG    [91944] (deoplete.child) main_loop: add_filter begin
2018-05-31 14:16:17,688 DEBUG    [91944] (deoplete.child) Loaded Filter: matcher_length (/Users/mertnuhoglu/.vim/bundle/deoplete.nvim/rplugin/python3/deoplete/filter/matcher_length.py)
2018-05-31 14:16:17,688 DEBUG    [91944] (deoplete.child) main_loop: end
2018-05-31 14:16:17,688 DEBUG    [91944] (deoplete.child) main_loop: add_filter begin
2018-05-31 14:16:17,689 DEBUG    [91946] (deoplete.child) Loaded Source: buffer (/Users/mertnuhoglu/.vim/bundle/deoplete.nvim/rplugin/python3/deoplete/source/buffer.py)
2018-05-31 14:16:17,689 DEBUG    [91946] (deoplete.child) main_loop: end
2018-05-31 14:16:17,689 DEBUG    [91944] (deoplete.child) Loaded Filter: sorter_rank (/Users/mertnuhoglu/.vim/bundle/deoplete.nvim/rplugin/python3/deoplete/filter/sorter_rank.py)
2018-05-31 14:16:17,689 DEBUG    [91944] (deoplete.child) main_loop: end
2018-05-31 14:16:17,689 DEBUG    [91946] (deoplete.child) main_loop: add_source begin
2018-05-31 14:16:17,689 DEBUG    [91944] (deoplete.child) main_loop: add_filter begin
2018-05-31 14:16:17,689 DEBUG    [91944] (deoplete.child) Loaded Filter: sorter_word (/Users/mertnuhoglu/.vim/bundle/deoplete.nvim/rplugin/python3/deoplete/filter/sorter_word.py)
2018-05-31 14:16:17,690 DEBUG    [91944] (deoplete.child) main_loop: end
2018-05-31 14:16:17,690 DEBUG    [91944] (deoplete.child) main_loop: on_event begin
2018-05-31 14:16:17,690 DEBUG    [91944] (deoplete.child) on_init Source: file
2018-05-31 14:16:17,690 DEBUG    [91944] (deoplete.child) on_event: Source: file
2018-05-31 14:16:17,690 DEBUG    [91946] (deoplete.child) Loaded Source: omni (/Users/mertnuhoglu/.vim/bundle/deoplete.nvim/rplugin/python3/deoplete/source/omni.py)
2018-05-31 14:16:17,691 DEBUG    [91946] (deoplete.child) main_loop: end
2018-05-31 14:16:17,691 DEBUG    [91946] (deoplete.child) main_loop: set_source_attributes begin
2018-05-31 14:16:17,691 DEBUG    [91946] (deoplete.child) main_loop: end
2018-05-31 14:16:17,691 DEBUG    [91946] (deoplete.child) main_loop: set_custom begin
2018-05-31 14:16:17,691 DEBUG    [91946] (deoplete.child) main_loop: end
2018-05-31 14:16:17,691 DEBUG    [91946] (deoplete.child) main_loop: add_filter begin
2018-05-31 14:16:17,692 DEBUG    [91946] (deoplete.child) main_loop: end
2018-05-31 14:16:17,692 DEBUG    [91946] (deoplete.child) main_loop: add_filter begin
2018-05-31 14:16:17,692 DEBUG    [91944] (deoplete.child) main_loop: end
2018-05-31 14:16:17,693 DEBUG    [91946] (deoplete.child) Loaded Filter: converter_auto_delimiter (/Users/mertnuhoglu/.vim/bundle/deoplete.nvim/rplugin/python3/deoplete/filter/converter_auto_delimiter.py)
2018-05-31 14:16:17,693 DEBUG    [91946] (deoplete.child) main_loop: end
2018-05-31 14:16:17,693 DEBUG    [91946] (deoplete.child) main_loop: add_filter begin
2018-05-31 14:16:17,693 DEBUG    [91946] (deoplete.child) Loaded Filter: converter_auto_paren (/Users/mertnuhoglu/.vim/bundle/deoplete.nvim/rplugin/python3/deoplete/filter/converter_auto_paren.py)
2018-05-31 14:16:17,693 DEBUG    [91946] (deoplete.child) main_loop: end
2018-05-31 14:16:17,694 DEBUG    [91946] (deoplete.child) main_loop: add_filter begin
2018-05-31 14:16:17,694 DEBUG    [91946] (deoplete.child) Loaded Filter: converter_remove_overlap (/Users/mertnuhoglu/.vim/bundle/deoplete.nvim/rplugin/python3/deoplete/filter/converter_remove_overlap.py)
2018-05-31 14:16:17,694 DEBUG    [91946] (deoplete.child) main_loop: end
2018-05-31 14:16:17,694 DEBUG    [91946] (deoplete.child) main_loop: add_filter begin
2018-05-31 14:16:17,695 DEBUG    [91946] (deoplete.child) Loaded Filter: converter_remove_paren (/Users/mertnuhoglu/.vim/bundle/deoplete.nvim/rplugin/python3/deoplete/filter/converter_remove_paren.py)
2018-05-31 14:16:17,695 DEBUG    [91946] (deoplete.child) main_loop: end
2018-05-31 14:16:17,695 DEBUG    [91946] (deoplete.child) main_loop: add_filter begin
2018-05-31 14:16:17,696 DEBUG    [91946] (deoplete.child) Loaded Filter: converter_truncate_abbr (/Users/mertnuhoglu/.vim/bundle/deoplete.nvim/rplugin/python3/deoplete/filter/converter_truncate_abbr.py)
2018-05-31 14:16:17,696 DEBUG    [91946] (deoplete.child) main_loop: end
2018-05-31 14:16:17,696 DEBUG    [91946] (deoplete.child) main_loop: add_filter begin
2018-05-31 14:16:17,696 DEBUG    [91946] (deoplete.child) Loaded Filter: converter_truncate_kind (/Users/mertnuhoglu/.vim/bundle/deoplete.nvim/rplugin/python3/deoplete/filter/converter_truncate_kind.py)
2018-05-31 14:16:17,696 DEBUG    [91946] (deoplete.child) main_loop: end
2018-05-31 14:16:17,696 DEBUG    [91946] (deoplete.child) main_loop: add_filter begin
2018-05-31 14:16:17,697 DEBUG    [91946] (deoplete.child) Loaded Filter: converter_truncate_menu (/Users/mertnuhoglu/.vim/bundle/deoplete.nvim/rplugin/python3/deoplete/filter/converter_truncate_menu.py)
2018-05-31 14:16:17,697 DEBUG    [91946] (deoplete.child) main_loop: end
2018-05-31 14:16:17,697 DEBUG    [91946] (deoplete.child) main_loop: add_filter begin
2018-05-31 14:16:17,697 DEBUG    [91946] (deoplete.child) Loaded Filter: matcher_cpsm (/Users/mertnuhoglu/.vim/bundle/deoplete.nvim/rplugin/python3/deoplete/filter/matcher_cpsm.py)
2018-05-31 14:16:17,698 DEBUG    [91946] (deoplete.child) main_loop: end
2018-05-31 14:16:17,698 DEBUG    [91946] (deoplete.child) main_loop: add_filter begin
2018-05-31 14:16:17,698 DEBUG    [91946] (deoplete.child) Loaded Filter: matcher_full_fuzzy (/Users/mertnuhoglu/.vim/bundle/deoplete.nvim/rplugin/python3/deoplete/filter/matcher_full_fuzzy.py)
2018-05-31 14:16:17,698 DEBUG    [91946] (deoplete.child) main_loop: end
2018-05-31 14:16:17,698 DEBUG    [91946] (deoplete.child) main_loop: add_filter begin
2018-05-31 14:16:17,699 DEBUG    [91946] (deoplete.child) Loaded Filter: matcher_fuzzy (/Users/mertnuhoglu/.vim/bundle/deoplete.nvim/rplugin/python3/deoplete/filter/matcher_fuzzy.py)
2018-05-31 14:16:17,699 DEBUG    [91946] (deoplete.child) main_loop: end
2018-05-31 14:16:17,699 DEBUG    [91946] (deoplete.child) main_loop: add_filter begin
2018-05-31 14:16:17,700 DEBUG    [91946] (deoplete.child) Loaded Filter: matcher_head (/Users/mertnuhoglu/.vim/bundle/deoplete.nvim/rplugin/python3/deoplete/filter/matcher_head.py)
2018-05-31 14:16:17,700 DEBUG    [91946] (deoplete.child) main_loop: end
2018-05-31 14:16:17,700 DEBUG    [91946] (deoplete.child) main_loop: add_filter begin
2018-05-31 14:16:17,701 DEBUG    [91946] (deoplete.child) Loaded Filter: matcher_length (/Users/mertnuhoglu/.vim/bundle/deoplete.nvim/rplugin/python3/deoplete/filter/matcher_length.py)
2018-05-31 14:16:17,701 DEBUG    [91946] (deoplete.child) main_loop: end
2018-05-31 14:16:17,701 DEBUG    [91946] (deoplete.child) main_loop: add_filter begin
2018-05-31 14:16:17,701 DEBUG    [91946] (deoplete.child) Loaded Filter: sorter_rank (/Users/mertnuhoglu/.vim/bundle/deoplete.nvim/rplugin/python3/deoplete/filter/sorter_rank.py)
2018-05-31 14:16:17,702 DEBUG    [91946] (deoplete.child) main_loop: end
2018-05-31 14:16:17,702 DEBUG    [91946] (deoplete.child) main_loop: add_filter begin
2018-05-31 14:16:17,702 DEBUG    [91946] (deoplete.child) Loaded Filter: sorter_word (/Users/mertnuhoglu/.vim/bundle/deoplete.nvim/rplugin/python3/deoplete/filter/sorter_word.py)
2018-05-31 14:16:17,702 DEBUG    [91946] (deoplete.child) main_loop: end
2018-05-31 14:16:17,702 DEBUG    [91946] (deoplete.child) main_loop: on_event begin
2018-05-31 14:16:17,703 DEBUG    [91946] (deoplete.child) on_event: Source: buffer
2018-05-31 14:16:17,706 DEBUG    [91946] (deoplete.child) on_event: Source: omni
2018-05-31 14:16:17,706 DEBUG    [91946] (deoplete.child) main_loop: end
