[0mCompiling "resources/public/js/compiled/devcards_official_examples_devcards.js" from ["src"]...[0m
[32mSuccessfully compiled "resources/public/js/compiled/devcards_official_examples_devcards.js" in 1.453 seconds.[0m
notifying browser that file changed:  resources/public/js/compiled/devcards_out/goog/deps.js
notifying browser that file changed:  resources/public/js/compiled/devcards_out/cljs_deps.js
notifying browser that file changed:  resources/public/js/compiled/devcards_out/devcards_official_examples/core.js
[0mCompiling "resources/public/js/compiled/devcards_official_examples_devcards.js" from ["src"]...[0m
[32mSuccessfully compiled "resources/public/js/compiled/devcards_official_examples_devcards.js" in 1.489 seconds.[0m
notifying browser that file changed:  resources/public/js/compiled/devcards_out/devcards_official_examples/core.js
[0mCompiling "resources/public/js/compiled/devcards_official_examples_devcards.js" from ["src"]...[0m
[32mSuccessfully compiled "resources/public/js/compiled/devcards_official_examples_devcards.js" in 0.572 seconds.[0m
notifying browser that file changed:  resources/public/js/compiled/devcards_out/devcards_official_examples/core.js
[0mCompiling "resources/public/js/compiled/devcards_official_examples_devcards.js" from ["src"]...[0m
[32mSuccessfully compiled "resources/public/js/compiled/devcards_official_examples_devcards.js" in 0.384 seconds.[0m
notifying browser that file changed:  resources/public/js/compiled/devcards_out/devcards_official_examples/core.js
[0mCompiling "resources/public/js/compiled/devcards_official_examples_devcards.js" from ["src"]...[0m
[32mSuccessfully compiled "resources/public/js/compiled/devcards_official_examples_devcards.js" in 0.379 seconds.[0m
notifying browser that file changed:  resources/public/js/compiled/devcards_out/devcards_official_examples/core.js
[0mCompiling "resources/public/js/compiled/devcards_official_examples_devcards.js" from ["src"]...[0m
[32mSuccessfully compiled "resources/public/js/compiled/devcards_official_examples_devcards.js" in 0.348 seconds.[0m
notifying browser that file changed:  resources/public/js/compiled/devcards_out/devcards_official_examples/core.js
[0mCompiling "resources/public/js/compiled/devcards_official_examples_devcards.js" from ["src"]...[0m
[32mSuccessfully compiled "resources/public/js/compiled/devcards_official_examples_devcards.js" in 0.59 seconds.[0m
notifying browser that file changed:  resources/public/js/compiled/devcards_out/devcards_official_examples/core.js
[0mCompiling "resources/public/js/compiled/devcards_official_examples_devcards.js" from ["src"]...[0m
[32mSuccessfully compiled "resources/public/js/compiled/devcards_official_examples_devcards.js" in 0.62 seconds.[0m
notifying browser that file changed:  resources/public/js/compiled/devcards_out/devcards_official_examples/core.js
[0mCompiling "resources/public/js/compiled/devcards_official_examples_devcards.js" from ["src"]...[0m
[32mSuccessfully compiled "resources/public/js/compiled/devcards_official_examples_devcards.js" in 0.453 seconds.[0m
notifying browser that file changed:  resources/public/js/compiled/devcards_out/devcards_official_examples/core.js
[0mCompiling "resources/public/js/compiled/devcards_official_examples_devcards.js" from ["src"]...[0m
[32mSuccessfully compiled "resources/public/js/compiled/devcards_official_examples_devcards.js" in 0.382 seconds.[0m
notifying browser that file changed:  resources/public/js/compiled/devcards_out/devcards_official_examples/core.js
[0mCompiling "resources/public/js/compiled/devcards_official_examples_devcards.js" from ["src"]...[0m
[32mSuccessfully compiled "resources/public/js/compiled/devcards_official_examples_devcards.js" in 0.378 seconds.[0m
notifying browser that file changed:  resources/public/js/compiled/devcards_out/devcards_official_examples/core.js
[0mCompiling "resources/public/js/compiled/devcards_official_examples_devcards.js" from ["src"]...[0m
[32mSuccessfully compiled "resources/public/js/compiled/devcards_official_examples_devcards.js" in 0.344 seconds.[0m
notifying browser that file changed:  resources/public/js/compiled/devcards_out/devcards_official_examples/core.js
[0mCompiling "resources/public/js/compiled/devcards_official_examples_devcards.js" from ["src"]...[0m
[32mSuccessfully compiled "resources/public/js/compiled/devcards_official_examples_devcards.js" in 0.371 seconds.[0m
notifying browser that file changed:  resources/public/js/compiled/devcards_out/devcards_official_examples/core.js
[0mCompiling "resources/public/js/compiled/devcards_official_examples_devcards.js" from ["src"]...[0m
[32mSuccessfully compiled "resources/public/js/compiled/devcards_official_examples_devcards.js" in 0.344 seconds.[0m
notifying browser that file changed:  resources/public/js/compiled/devcards_out/devcards_official_examples/core.js
[0mCompiling "resources/public/js/compiled/devcards_official_examples_devcards.js" from ["src"]...[0m
[32mSuccessfully compiled "resources/public/js/compiled/devcards_official_examples_devcards.js" in 0.382 seconds.[0m
notifying browser that file changed:  resources/public/js/compiled/devcards_out/devcards_official_examples/core.js
[0mCompiling "resources/public/js/compiled/devcards_official_examples_devcards.js" from ["src"]...[0m
[32mSuccessfully compiled "resources/public/js/compiled/devcards_official_examples_devcards.js" in 0.357 seconds.[0m
notifying browser that file changed:  resources/public/js/compiled/devcards_out/devcards_official_examples/core.js
[0mCompiling "resources/public/js/compiled/devcards_official_examples_devcards.js" from ["src"]...[0m
[32mSuccessfully compiled "resources/public/js/compiled/devcards_official_examples_devcards.js" in 0.364 seconds.[0m
notifying browser that file changed:  resources/public/js/compiled/devcards_out/devcards_official_examples/core.js
[0mCompiling "resources/public/js/compiled/devcards_official_examples_devcards.js" from ["src"]...[0m
[32mSuccessfully compiled "resources/public/js/compiled/devcards_official_examples_devcards.js" in 0.354 seconds.[0m
notifying browser that file changed:  resources/public/js/compiled/devcards_out/devcards_official_examples/core.js
[0mCompiling "resources/public/js/compiled/devcards_official_examples_devcards.js" from ["src"]...[0m
[32mSuccessfully compiled "resources/public/js/compiled/devcards_official_examples_devcards.js" in 0.369 seconds.[0m
notifying browser that file changed:  resources/public/js/compiled/devcards_out/devcards_official_examples/core.js
[0mCompiling "resources/public/js/compiled/devcards_official_examples_devcards.js" from ["src"]...[0m
[32mSuccessfully compiled "resources/public/js/compiled/devcards_official_examples_devcards.js" in 0.413 seconds.[0m
notifying browser that file changed:  resources/public/js/compiled/devcards_out/devcards_official_examples/core.js
[0mCompiling "resources/public/js/compiled/devcards_official_examples_devcards.js" from ["src"]...[0m
[32mSuccessfully compiled "resources/public/js/compiled/devcards_official_examples_devcards.js" in 0.356 seconds.[0m
notifying browser that file changed:  resources/public/js/compiled/devcards_out/devcards_official_examples/core.js
[0mCompiling "resources/public/js/compiled/devcards_official_examples_devcards.js" from ["src"]...[0m
[32mSuccessfully compiled "resources/public/js/compiled/devcards_official_examples_devcards.js" in 0.367 seconds.[0m
notifying browser that file changed:  resources/public/js/compiled/devcards_out/devcards_official_examples/core.js
[0mCompiling "resources/public/js/compiled/devcards_official_examples_devcards.js" from ["src"]...[0m
[32mSuccessfully compiled "resources/public/js/compiled/devcards_official_examples_devcards.js" in 0.434 seconds.[0m
notifying browser that file changed:  resources/public/js/compiled/devcards_out/devcards_official_examples/core.js
[0mCompiling "resources/public/js/compiled/devcards_official_examples_devcards.js" from ["src"]...[0m
[32mSuccessfully compiled "resources/public/js/compiled/devcards_official_examples_devcards.js" in 1.128 seconds.[0m
notifying browser that file changed:  resources/public/js/compiled/devcards_out/devcards_official_examples/core.js
[0mCompiling "resources/public/js/compiled/devcards_official_examples_devcards.js" from ["src"]...[0m
[32mSuccessfully compiled "resources/public/js/compiled/devcards_official_examples_devcards.js" in 0.797 seconds.[0m
notifying browser that file changed:  resources/public/js/compiled/devcards_out/devcards_official_examples/core.js
[0mCompiling "resources/public/js/compiled/devcards_official_examples_devcards.js" from ["src"]...[0m
[32mSuccessfully compiled "resources/public/js/compiled/devcards_official_examples_devcards.js" in 0.393 seconds.[0m
notifying browser that file changed:  resources/public/js/compiled/devcards_out/devcards_official_examples/core.js
[0mCompiling "resources/public/js/compiled/devcards_official_examples_devcards.js" from ["src"]...[0m
[32mSuccessfully compiled "resources/public/js/compiled/devcards_official_examples_devcards.js" in 0.355 seconds.[0m
notifying browser that file changed:  resources/public/js/compiled/devcards_out/devcards_official_examples/core.js
[0mCompiling "resources/public/js/compiled/devcards_official_examples_devcards.js" from ["src"]...[0m
[31mFailed to compile "resources/public/js/compiled/devcards_official_examples_devcards.js" in 0.299 seconds.[0m
[36m----  Could not Analyze  src/devcards_official_examples/core.cljs   line:52  column:3  ----[0m

  [1m is not a valid element name.[0m

  [36m50[0m  [36m(defcard no-heading-3e[0m
  [36m51[0m  [36m  "# Card 3e: Skipped Object of Focus"[0m
  [33m52[0m  [1m  (sab/html [])[0m
  [0m  [0m  [33m  ^---  is not a valid element name.[0m
  [36m53[0m  [36m  {}[0m
  [36m54[0m  [36m  {:heading false})[0m

[36m----  Analysis Error : Please see src/devcards_official_examples/core.cljs  ----[0m
[0mCompiling "resources/public/js/compiled/devcards_official_examples_devcards.js" from ["src"]...[0m
[32mSuccessfully compiled "resources/public/js/compiled/devcards_official_examples_devcards.js" in 0.379 seconds.[0m
notifying browser that file changed:  resources/public/js/compiled/devcards_out/devcards_official_examples/core.js
[0mCompiling "resources/public/js/compiled/devcards_official_examples_devcards.js" from ["src"]...[0m
[32mSuccessfully compiled "resources/public/js/compiled/devcards_official_examples_devcards.js" in 0.358 seconds.[0m
notifying browser that file changed:  resources/public/js/compiled/devcards_out/devcards_official_examples/core.js
[0mCompiling "resources/public/js/compiled/devcards_official_examples_devcards.js" from ["src"]...[0m
[32mSuccessfully compiled "resources/public/js/compiled/devcards_official_examples_devcards.js" in 0.373 seconds.[0m
notifying browser that file changed:  resources/public/js/compiled/devcards_out/devcards_official_examples/core.js
[0mCompiling "resources/public/js/compiled/devcards_official_examples_devcards.js" from ["src"]...[0m
[32mSuccessfully compiled "resources/public/js/compiled/devcards_official_examples_devcards.js" in 0.365 seconds.[0m
notifying browser that file changed:  resources/public/js/compiled/devcards_out/devcards_official_examples/core.js
[0mCompiling "resources/public/js/compiled/devcards_official_examples_devcards.js" from ["src"]...[0m
[32mSuccessfully compiled "resources/public/js/compiled/devcards_official_examples_devcards.js" in 0.432 seconds.[0m
notifying browser that file changed:  resources/public/js/compiled/devcards_out/devcards_official_examples/core.js
[0mCompiling "resources/public/js/compiled/devcards_official_examples_devcards.js" from ["src"]...[0m
[32mSuccessfully compiled "resources/public/js/compiled/devcards_official_examples_devcards.js" in 0.401 seconds.[0m
notifying browser that file changed:  resources/public/js/compiled/devcards_out/devcards_official_examples/core.js
[0mCompiling "resources/public/js/compiled/devcards_official_examples_devcards.js" from ["src"]...[0m
[32mSuccessfully compiled "resources/public/js/compiled/devcards_official_examples_devcards.js" in 0.35 seconds.[0m
notifying browser that file changed:  resources/public/js/compiled/devcards_out/devcards_official_examples/core.js
[0mCompiling "resources/public/js/compiled/devcards_official_examples_devcards.js" from ["src"]...[0m
[32mSuccessfully compiled "resources/public/js/compiled/devcards_official_examples_devcards.js" in 0.36 seconds.[0m
notifying browser that file changed:  resources/public/js/compiled/devcards_out/devcards_official_examples/core.js
[0mCompiling "resources/public/js/compiled/devcards_official_examples_devcards.js" from ["src"]...[0m
[32mSuccessfully compiled "resources/public/js/compiled/devcards_official_examples_devcards.js" in 1.631 seconds.[0m
notifying browser that file changed:  resources/public/js/compiled/devcards_out/devcards_official_examples/core.js
[0mCompiling "resources/public/js/compiled/devcards_official_examples_devcards.js" from ["src"]...[0m
[32mSuccessfully compiled "resources/public/js/compiled/devcards_official_examples_devcards.js" in 1.609 seconds.[0m
notifying browser that file changed:  resources/public/js/compiled/devcards_out/cljs_deps.js
notifying browser that file changed:  resources/public/js/compiled/devcards_out/devcards_official_examples/headings.js
[0mCompiling "resources/public/js/compiled/devcards_official_examples_devcards.js" from ["src"]...[0m
[32mSuccessfully compiled "resources/public/js/compiled/devcards_official_examples_devcards.js" in 0.383 seconds.[0m
notifying browser that file changed:  resources/public/js/compiled/devcards_out/devcards_official_examples/headings.js
[0mCompiling "resources/public/js/compiled/devcards_official_examples_devcards.js" from ["src"]...[0m
[32mSuccessfully compiled "resources/public/js/compiled/devcards_official_examples_devcards.js" in 1.038 seconds.[0m
notifying browser that file changed:  resources/public/js/compiled/devcards_out/goog/deps.js
notifying browser that file changed:  resources/public/js/compiled/devcards_out/cljs_deps.js
notifying browser that file changed:  resources/public/js/compiled/devcards_out/devcards_official_examples/headings.js
[0mCompiling "resources/public/js/compiled/devcards_official_examples_devcards.js" from ["src"]...[0m
[32mSuccessfully compiled "resources/public/js/compiled/devcards_official_examples_devcards.js" in 0.577 seconds.[0m
notifying browser that file changed:  resources/public/js/compiled/devcards_out/goog/deps.js
notifying browser that file changed:  resources/public/js/compiled/devcards_out/cljs_deps.js
notifying browser that file changed:  resources/public/js/compiled/devcards_out/devcards_official_examples/headings.js
[0mCompiling "resources/public/js/compiled/devcards_official_examples_devcards.js" from ["src"]...[0m
[36m----  Compiler Warning on   src/devcards_official_examples/core.cljs   line:11  column:27  ----[0m

  [1mNo such namespace: sab, could not locate sab.cljs, sab.cljc, or Closure namespace ""[0m

  [36m 7[0m  [36m(defn main [][0m
  [36m 8[0m  [36m  ;; conditionally start the app based on whether the #main-app-area[0m
  [36m 9[0m  [36m  ;; node is on the page[0m
  [36m10[0m  [36m  (if-let [node (.getElementById js/document "main-app-area")][0m
  [33m11[0m  [1m    (.render js/ReactDOM (sab/html [:div "This is working"]) node)))[0m
  [0m  [0m  [33m                          ^--- No such namespace: sab, could not locate sab.cljs, sab.cljc, or Closure namespace ""[0m
  [36m12[0m  [36m[0m
  [36m13[0m  [36m(main)[0m
  [36m14[0m  [36m[0m
  [36m15[0m  [36m;; remember to run lein figwheel and then browse to[0m
  [36m16[0m  [36m;; http://localhost:3449/cards.html[0m

[36m----  Compiler Warning : Please see src/devcards_official_examples/core.cljs  ----[0m
[36m----  Compiler Warning on   src/devcards_official_examples/core.cljs   line:11  column:27  ----[0m

  [1mUse of undeclared Var sab/html[0m

  [36m 7[0m  [36m(defn main [][0m
  [36m 8[0m  [36m  ;; conditionally start the app based on whether the #main-app-area[0m
  [36m 9[0m  [36m  ;; node is on the page[0m
  [36m10[0m  [36m  (if-let [node (.getElementById js/document "main-app-area")][0m
  [33m11[0m  [1m    (.render js/ReactDOM (sab/html [:div "This is working"]) node)))[0m
  [0m  [0m  [33m                          ^--- Use of undeclared Var sab/html[0m
  [36m12[0m  [36m[0m
  [36m13[0m  [36m(main)[0m
  [36m14[0m  [36m[0m
  [36m15[0m  [36m;; remember to run lein figwheel and then browse to[0m
  [36m16[0m  [36m;; http://localhost:3449/cards.html[0m

[36m----  Compiler Warning : Please see src/devcards_official_examples/core.cljs  ----[0m
[32mSuccessfully compiled "resources/public/js/compiled/devcards_official_examples_devcards.js" in 0.887 seconds.[0m
notifying browser that file changed:  resources/public/js/compiled/devcards_out/cljs_deps.js
notifying browser that file changed:  resources/public/js/compiled/devcards_out/devcards_official_examples/core.js
[0mCompiling "resources/public/js/compiled/devcards_official_examples_devcards.js" from ["src"]...[0m
[32mSuccessfully compiled "resources/public/js/compiled/devcards_official_examples_devcards.js" in 0.464 seconds.[0m
notifying browser that file changed:  resources/public/js/compiled/devcards_out/cljs_deps.js
notifying browser that file changed:  resources/public/js/compiled/devcards_out/devcards_official_examples/core.js
